{
  "RSpec": {
    "coverage": {
      "/Users/kanta/hoby_teach_rails/app/channels/application_cable/channel.rb": [
        0,
        0,
        0,
        0
      ],
      "/Users/kanta/hoby_teach_rails/app/channels/application_cable/connection.rb": [
        0,
        0,
        0,
        0
      ],
      "/Users/kanta/hoby_teach_rails/app/controllers/application_controller.rb": [
        0,
        0,
        0,
        0
      ],
      "/Users/kanta/hoby_teach_rails/app/controllers/home_controller.rb": [
        0,
        0,
        0,
        0
      ],
      "/Users/kanta/hoby_teach_rails/app/helpers/application_helper.rb": [
        0,
        0
      ],
      "/Users/kanta/hoby_teach_rails/app/helpers/home_helper.rb": [
        0,
        0
      ],
      "/Users/kanta/hoby_teach_rails/app/jobs/application_job.rb": [
        0,
        0
      ],
      "/Users/kanta/hoby_teach_rails/app/mailers/application_mailer.rb": [
        0,
        0,
        0,
        0
      ],
      "/Users/kanta/hoby_teach_rails/app/models/application_record.rb": [
        0,
        0,
        0
      ],
      "/Users/kanta/hoby_teach_rails/app/models/user.rb": [
        0,
        0,
        0,
        0,
        0,
        0
      ]
    },
    "timestamp": 1488239112
  }
}
